

Started GET "/" for 10.0.2.2 at 2014-03-05 23:57:35 -0500

ActiveRecord::PendingMigrationError (Migrations are pending; run 'bin/rake db:migrate RAILS_ENV=development' to resolve this issue.):
  activerecord (4.0.1) lib/active_record/migration.rb:379:in `check_pending!'
  activerecord (4.0.1) lib/active_record/migration.rb:366:in `call'
  actionpack (4.0.1) lib/action_dispatch/middleware/callbacks.rb:29:in `block in call'
  activesupport (4.0.1) lib/active_support/callbacks.rb:373:in `_run__478112412__call__callbacks'
  activesupport (4.0.1) lib/active_support/callbacks.rb:80:in `run_callbacks'
  actionpack (4.0.1) lib/action_dispatch/middleware/callbacks.rb:27:in `call'
  actionpack (4.0.1) lib/action_dispatch/middleware/reloader.rb:64:in `call'
  actionpack (4.0.1) lib/action_dispatch/middleware/remote_ip.rb:76:in `call'
  actionpack (4.0.1) lib/action_dispatch/middleware/debug_exceptions.rb:17:in `call'
  actionpack (4.0.1) lib/action_dispatch/middleware/show_exceptions.rb:30:in `call'
  railties (4.0.1) lib/rails/rack/logger.rb:38:in `call_app'
  railties (4.0.1) lib/rails/rack/logger.rb:20:in `block in call'
  activesupport (4.0.1) lib/active_support/tagged_logging.rb:67:in `block in tagged'
  activesupport (4.0.1) lib/active_support/tagged_logging.rb:25:in `tagged'
  activesupport (4.0.1) lib/active_support/tagged_logging.rb:67:in `tagged'
  railties (4.0.1) lib/rails/rack/logger.rb:20:in `call'
  actionpack (4.0.1) lib/action_dispatch/middleware/request_id.rb:21:in `call'
  rack (1.5.2) lib/rack/methodoverride.rb:21:in `call'
  rack (1.5.2) lib/rack/runtime.rb:17:in `call'
  activesupport (4.0.1) lib/active_support/cache/strategy/local_cache.rb:83:in `call'
  rack (1.5.2) lib/rack/lock.rb:17:in `call'
  actionpack (4.0.1) lib/action_dispatch/middleware/static.rb:64:in `call'
  rack (1.5.2) lib/rack/sendfile.rb:112:in `call'
  railties (4.0.1) lib/rails/engine.rb:511:in `call'
  railties (4.0.1) lib/rails/application.rb:97:in `call'
  rack (1.5.2) lib/rack/lock.rb:17:in `call'
  rack (1.5.2) lib/rack/content_length.rb:14:in `call'
  rack (1.5.2) lib/rack/handler/webrick.rb:60:in `service'
  /home/vagrant/.rbenv/versions/2.0.0-p353/lib/ruby/2.0.0/webrick/httpserver.rb:138:in `service'
  /home/vagrant/.rbenv/versions/2.0.0-p353/lib/ruby/2.0.0/webrick/httpserver.rb:94:in `run'
  /home/vagrant/.rbenv/versions/2.0.0-p353/lib/ruby/2.0.0/webrick/server.rb:295:in `block in start_thread'


  Rendered /home/vagrant/.rbenv/versions/2.0.0-p353/lib/ruby/gems/2.0.0/gems/actionpack-4.0.1/lib/action_dispatch/middleware/templates/rescues/_source.erb (0.6ms)
  Rendered /home/vagrant/.rbenv/versions/2.0.0-p353/lib/ruby/gems/2.0.0/gems/actionpack-4.0.1/lib/action_dispatch/middleware/templates/rescues/_trace.erb (1.3ms)
  Rendered /home/vagrant/.rbenv/versions/2.0.0-p353/lib/ruby/gems/2.0.0/gems/actionpack-4.0.1/lib/action_dispatch/middleware/templates/rescues/_request_and_response.erb (1.4ms)
  Rendered /home/vagrant/.rbenv/versions/2.0.0-p353/lib/ruby/gems/2.0.0/gems/actionpack-4.0.1/lib/action_dispatch/middleware/templates/rescues/diagnostics.erb within rescues/layout (32.5ms)


Started GET "/" for 10.0.2.2 at 2014-03-05 23:57:36 -0500

ActiveRecord::PendingMigrationError (Migrations are pending; run 'bin/rake db:migrate RAILS_ENV=development' to resolve this issue.):
  activerecord (4.0.1) lib/active_record/migration.rb:379:in `check_pending!'
  activerecord (4.0.1) lib/active_record/migration.rb:366:in `call'
  actionpack (4.0.1) lib/action_dispatch/middleware/callbacks.rb:29:in `block in call'
  activesupport (4.0.1) lib/active_support/callbacks.rb:373:in `_run__478112412__call__callbacks'
  activesupport (4.0.1) lib/active_support/callbacks.rb:80:in `run_callbacks'
  actionpack (4.0.1) lib/action_dispatch/middleware/callbacks.rb:27:in `call'
  actionpack (4.0.1) lib/action_dispatch/middleware/reloader.rb:64:in `call'
  actionpack (4.0.1) lib/action_dispatch/middleware/remote_ip.rb:76:in `call'
  actionpack (4.0.1) lib/action_dispatch/middleware/debug_exceptions.rb:17:in `call'
  actionpack (4.0.1) lib/action_dispatch/middleware/show_exceptions.rb:30:in `call'
  railties (4.0.1) lib/rails/rack/logger.rb:38:in `call_app'
  railties (4.0.1) lib/rails/rack/logger.rb:20:in `block in call'
  activesupport (4.0.1) lib/active_support/tagged_logging.rb:67:in `block in tagged'
  activesupport (4.0.1) lib/active_support/tagged_logging.rb:25:in `tagged'
  activesupport (4.0.1) lib/active_support/tagged_logging.rb:67:in `tagged'
  railties (4.0.1) lib/rails/rack/logger.rb:20:in `call'
  actionpack (4.0.1) lib/action_dispatch/middleware/request_id.rb:21:in `call'
  rack (1.5.2) lib/rack/methodoverride.rb:21:in `call'
  rack (1.5.2) lib/rack/runtime.rb:17:in `call'
  activesupport (4.0.1) lib/active_support/cache/strategy/local_cache.rb:83:in `call'
  rack (1.5.2) lib/rack/lock.rb:17:in `call'
  actionpack (4.0.1) lib/action_dispatch/middleware/static.rb:64:in `call'
  rack (1.5.2) lib/rack/sendfile.rb:112:in `call'
  railties (4.0.1) lib/rails/engine.rb:511:in `call'
  railties (4.0.1) lib/rails/application.rb:97:in `call'
  rack (1.5.2) lib/rack/lock.rb:17:in `call'
  rack (1.5.2) lib/rack/content_length.rb:14:in `call'
  rack (1.5.2) lib/rack/handler/webrick.rb:60:in `service'
  /home/vagrant/.rbenv/versions/2.0.0-p353/lib/ruby/2.0.0/webrick/httpserver.rb:138:in `service'
  /home/vagrant/.rbenv/versions/2.0.0-p353/lib/ruby/2.0.0/webrick/httpserver.rb:94:in `run'
  /home/vagrant/.rbenv/versions/2.0.0-p353/lib/ruby/2.0.0/webrick/server.rb:295:in `block in start_thread'


  Rendered /home/vagrant/.rbenv/versions/2.0.0-p353/lib/ruby/gems/2.0.0/gems/actionpack-4.0.1/lib/action_dispatch/middleware/templates/rescues/_source.erb (0.8ms)
  Rendered /home/vagrant/.rbenv/versions/2.0.0-p353/lib/ruby/gems/2.0.0/gems/actionpack-4.0.1/lib/action_dispatch/middleware/templates/rescues/_trace.erb (1.2ms)
  Rendered /home/vagrant/.rbenv/versions/2.0.0-p353/lib/ruby/gems/2.0.0/gems/actionpack-4.0.1/lib/action_dispatch/middleware/templates/rescues/_request_and_response.erb (1.1ms)
  Rendered /home/vagrant/.rbenv/versions/2.0.0-p353/lib/ruby/gems/2.0.0/gems/actionpack-4.0.1/lib/action_dispatch/middleware/templates/rescues/diagnostics.erb within rescues/layout (20.5ms)
  [1m[36m (7.7ms)[0m  [1mCREATE TABLE "schema_migrations" ("version" varchar(255) NOT NULL) [0m
  [1m[35m (8.3ms)[0m  CREATE UNIQUE INDEX "unique_schema_migrations" ON "schema_migrations" ("version")
  [1m[36mActiveRecord::SchemaMigration Load (5.3ms)[0m  [1mSELECT "schema_migrations".* FROM "schema_migrations"[0m
Migrating to CreateUsers (20140303230428)
  [1m[35m (0.1ms)[0m  begin transaction
  [1m[36m (5.6ms)[0m  [1mCREATE TABLE "users" ("id" INTEGER PRIMARY KEY AUTOINCREMENT NOT NULL, "name" varchar(255), "email" varchar(255), "created_at" datetime, "updated_at" datetime) [0m
  [1m[35mSQL (1.5ms)[0m  INSERT INTO "schema_migrations" ("version") VALUES (?)  [["version", "20140303230428"]]
  [1m[36m (3.5ms)[0m  [1mcommit transaction[0m
Migrating to AddIndexToUsersEmail (20140305201649)
  [1m[35m (0.2ms)[0m  begin transaction
  [1m[36m (6.4ms)[0m  [1mCREATE UNIQUE INDEX "index_users_on_email" ON "users" ("email")[0m
  [1m[35mSQL (1.1ms)[0m  INSERT INTO "schema_migrations" ("version") VALUES (?)  [["version", "20140305201649"]]
  [1m[36m (3.9ms)[0m  [1mcommit transaction[0m
Migrating to AddPasswordDigestToUsers (20140305221929)
  [1m[35m (0.1ms)[0m  begin transaction
  [1m[36m (4.4ms)[0m  [1mALTER TABLE "users" ADD "password_digest" varchar(255)[0m
  [1m[35mSQL (1.5ms)[0m  INSERT INTO "schema_migrations" ("version") VALUES (?)  [["version", "20140305221929"]]
  [1m[36m (3.1ms)[0m  [1mcommit transaction[0m
Migrating to AddRememberTokenToUsers (20140306033848)
  [1m[35m (0.1ms)[0m  begin transaction
  [1m[36m (4.7ms)[0m  [1mALTER TABLE "users" ADD "remember_token" varchar(255)[0m
  [1m[35m (0.2ms)[0m  CREATE INDEX "index_users_on_remember_token" ON "users" ("remember_token")
  [1m[36mSQL (1.3ms)[0m  [1mINSERT INTO "schema_migrations" ("version") VALUES (?)[0m  [["version", "20140306033848"]]
  [1m[35m (3.2ms)[0m  commit transaction
  [1m[36mActiveRecord::SchemaMigration Load (2.6ms)[0m  [1mSELECT "schema_migrations".* FROM "schema_migrations"[0m


Started GET "/" for 10.0.2.2 at 2014-03-05 23:58:12 -0500
  [1m[36mActiveRecord::SchemaMigration Load (1.7ms)[0m  [1mSELECT "schema_migrations".* FROM "schema_migrations"[0m
Processing by StaticPagesController#home as HTML
  Rendered static_pages/home.html.erb within layouts/application (13.2ms)
Completed 200 OK in 5279ms (Views: 5233.6ms | ActiveRecord: 0.0ms)


Started GET "/assets/application.css?body=1" for 10.0.2.2 at 2014-03-05 23:58:18 -0500


Started GET "/assets/main.css?body=1" for 10.0.2.2 at 2014-03-05 23:58:18 -0500


Started GET "/assets/custom.css?body=1" for 10.0.2.2 at 2014-03-05 23:58:18 -0500


Started GET "/assets/sessions.css?body=1" for 10.0.2.2 at 2014-03-05 23:58:19 -0500


Started GET "/assets/users.css?body=1" for 10.0.2.2 at 2014-03-05 23:58:19 -0500


Started GET "/assets/static_pages.css?body=1" for 10.0.2.2 at 2014-03-05 23:58:19 -0500


Started GET "/assets/jquery.js?body=1" for 10.0.2.2 at 2014-03-05 23:58:19 -0500


Started GET "/assets/jquery_ujs.js?body=1" for 10.0.2.2 at 2014-03-05 23:58:19 -0500


Started GET "/assets/turbolinks.js?body=1" for 10.0.2.2 at 2014-03-05 23:58:19 -0500


Started GET "/assets/main.js?body=1" for 10.0.2.2 at 2014-03-05 23:58:19 -0500


Started GET "/assets/sessions.js?body=1" for 10.0.2.2 at 2014-03-05 23:58:19 -0500


Started GET "/assets/static_pages.js?body=1" for 10.0.2.2 at 2014-03-05 23:58:19 -0500


Started GET "/assets/users.js?body=1" for 10.0.2.2 at 2014-03-05 23:58:20 -0500


Started GET "/assets/application.js?body=1" for 10.0.2.2 at 2014-03-05 23:58:20 -0500


Started GET "/signin" for 10.0.2.2 at 2014-03-05 23:58:27 -0500
Processing by SessionsController#new as HTML
  Rendered sessions/new.html.erb within layouts/application (115.5ms)
Completed 200 OK in 340ms (Views: 338.8ms | ActiveRecord: 0.0ms)


Started GET "/signin" for 10.0.2.2 at 2014-03-06 00:00:48 -0500
Processing by SessionsController#new as HTML
  Rendered sessions/new.html.erb within layouts/application (1.3ms)
Completed 500 Internal Server Error in 264ms

ActionView::Template::Error (undefined local variable or method `home_path' for #<#<Class:0xbaed54f8>:0xba6fc880>):
    17:           <%= link_to "sample app", '#', id: "logo" %>
    18:           <nav>
    19:             <ul class="nav pull-right">
    20:               <li><%= link_to "Home",    home_path %></li>
    21:               <li><%= link_to "Help",    help_path %></li>
    22:               <li><%= link_to "Sign in", signin_path %></li>
    23:             </ul>
  app/views/layouts/application.html.erb:20:in `_app_views_layouts_application_html_erb___1032545515__583517188'


  Rendered /home/vagrant/.rbenv/versions/2.0.0-p353/lib/ruby/gems/2.0.0/gems/actionpack-4.0.1/lib/action_dispatch/middleware/templates/rescues/_trace.erb (1.7ms)
  Rendered /home/vagrant/.rbenv/versions/2.0.0-p353/lib/ruby/gems/2.0.0/gems/actionpack-4.0.1/lib/action_dispatch/middleware/templates/rescues/_request_and_response.erb (1.5ms)
  Rendered /home/vagrant/.rbenv/versions/2.0.0-p353/lib/ruby/gems/2.0.0/gems/actionpack-4.0.1/lib/action_dispatch/middleware/templates/rescues/template_error.erb within rescues/layout (20.7ms)


Started GET "/signin" for 10.0.2.2 at 2014-03-06 00:00:49 -0500
Processing by SessionsController#new as HTML
  Rendered sessions/new.html.erb within layouts/application (1.4ms)
Completed 500 Internal Server Error in 223ms

ActionView::Template::Error (undefined local variable or method `home_path' for #<#<Class:0xbaed54f8>:0xbacc8fe8>):
    17:           <%= link_to "sample app", '#', id: "logo" %>
    18:           <nav>
    19:             <ul class="nav pull-right">
    20:               <li><%= link_to "Home",    home_path %></li>
    21:               <li><%= link_to "Help",    help_path %></li>
    22:               <li><%= link_to "Sign in", signin_path %></li>
    23:             </ul>
  app/views/layouts/application.html.erb:20:in `_app_views_layouts_application_html_erb___1032545515__583517188'


  Rendered /home/vagrant/.rbenv/versions/2.0.0-p353/lib/ruby/gems/2.0.0/gems/actionpack-4.0.1/lib/action_dispatch/middleware/templates/rescues/_trace.erb (1.2ms)
  Rendered /home/vagrant/.rbenv/versions/2.0.0-p353/lib/ruby/gems/2.0.0/gems/actionpack-4.0.1/lib/action_dispatch/middleware/templates/rescues/_request_and_response.erb (3.3ms)
  Rendered /home/vagrant/.rbenv/versions/2.0.0-p353/lib/ruby/gems/2.0.0/gems/actionpack-4.0.1/lib/action_dispatch/middleware/templates/rescues/template_error.erb within rescues/layout (18.1ms)


Started GET "/signin" for 10.0.2.2 at 2014-03-06 00:00:54 -0500
Processing by SessionsController#new as HTML
  Rendered sessions/new.html.erb within layouts/application (1.4ms)
Completed 500 Internal Server Error in 282ms

ActionView::Template::Error (undefined local variable or method `home_path' for #<#<Class:0xbaed54f8>:0xbae86844>):
    17:           <%= link_to "sample app", '#', id: "logo" %>
    18:           <nav>
    19:             <ul class="nav pull-right">
    20:               <li><%= link_to "Home",    home_path %></li>
    21:               <li><%= link_to "Help",    help_path %></li>
    22:               <li><%= link_to "Sign in", signin_path %></li>
    23:             </ul>
  app/views/layouts/application.html.erb:20:in `_app_views_layouts_application_html_erb___1032545515__583517188'


  Rendered /home/vagrant/.rbenv/versions/2.0.0-p353/lib/ruby/gems/2.0.0/gems/actionpack-4.0.1/lib/action_dispatch/middleware/templates/rescues/_trace.erb (1.2ms)
  Rendered /home/vagrant/.rbenv/versions/2.0.0-p353/lib/ruby/gems/2.0.0/gems/actionpack-4.0.1/lib/action_dispatch/middleware/templates/rescues/_request_and_response.erb (1.8ms)
  Rendered /home/vagrant/.rbenv/versions/2.0.0-p353/lib/ruby/gems/2.0.0/gems/actionpack-4.0.1/lib/action_dispatch/middleware/templates/rescues/template_error.erb within rescues/layout (16.7ms)


Started GET "/signin" for 10.0.2.2 at 2014-03-06 00:00:54 -0500
Processing by SessionsController#new as HTML
  Rendered sessions/new.html.erb within layouts/application (1.4ms)
Completed 500 Internal Server Error in 256ms

ActionView::Template::Error (undefined local variable or method `home_path' for #<#<Class:0xbaed54f8>:0xba768d14>):
    17:           <%= link_to "sample app", '#', id: "logo" %>
    18:           <nav>
    19:             <ul class="nav pull-right">
    20:               <li><%= link_to "Home",    home_path %></li>
    21:               <li><%= link_to "Help",    help_path %></li>
    22:               <li><%= link_to "Sign in", signin_path %></li>
    23:             </ul>
  app/views/layouts/application.html.erb:20:in `_app_views_layouts_application_html_erb___1032545515__583517188'


  Rendered /home/vagrant/.rbenv/versions/2.0.0-p353/lib/ruby/gems/2.0.0/gems/actionpack-4.0.1/lib/action_dispatch/middleware/templates/rescues/_trace.erb (1.6ms)
  Rendered /home/vagrant/.rbenv/versions/2.0.0-p353/lib/ruby/gems/2.0.0/gems/actionpack-4.0.1/lib/action_dispatch/middleware/templates/rescues/_request_and_response.erb (2.7ms)
  Rendered /home/vagrant/.rbenv/versions/2.0.0-p353/lib/ruby/gems/2.0.0/gems/actionpack-4.0.1/lib/action_dispatch/middleware/templates/rescues/template_error.erb within rescues/layout (19.9ms)


Started GET "/signin" for 10.0.2.2 at 2014-03-06 00:00:55 -0500
Processing by SessionsController#new as HTML
  Rendered sessions/new.html.erb within layouts/application (2.2ms)
Completed 500 Internal Server Error in 247ms

ActionView::Template::Error (undefined local variable or method `home_path' for #<#<Class:0xbaed54f8>:0xbad2e884>):
    17:           <%= link_to "sample app", '#', id: "logo" %>
    18:           <nav>
    19:             <ul class="nav pull-right">
    20:               <li><%= link_to "Home",    home_path %></li>
    21:               <li><%= link_to "Help",    help_path %></li>
    22:               <li><%= link_to "Sign in", signin_path %></li>
    23:             </ul>
  app/views/layouts/application.html.erb:20:in `_app_views_layouts_application_html_erb___1032545515__583517188'


  Rendered /home/vagrant/.rbenv/versions/2.0.0-p353/lib/ruby/gems/2.0.0/gems/actionpack-4.0.1/lib/action_dispatch/middleware/templates/rescues/_trace.erb (55.6ms)
  Rendered /home/vagrant/.rbenv/versions/2.0.0-p353/lib/ruby/gems/2.0.0/gems/actionpack-4.0.1/lib/action_dispatch/middleware/templates/rescues/_request_and_response.erb (1.3ms)
  Rendered /home/vagrant/.rbenv/versions/2.0.0-p353/lib/ruby/gems/2.0.0/gems/actionpack-4.0.1/lib/action_dispatch/middleware/templates/rescues/template_error.erb within rescues/layout (70.6ms)


Started GET "/signin" for 10.0.2.2 at 2014-03-06 00:01:00 -0500
Processing by SessionsController#new as HTML
  Rendered sessions/new.html.erb within layouts/application (1.5ms)
Completed 500 Internal Server Error in 214ms

ActionView::Template::Error (undefined local variable or method `home_path' for #<#<Class:0xbaed54f8>:0xb9c0db68>):
    17:           <%= link_to "sample app", '#', id: "logo" %>
    18:           <nav>
    19:             <ul class="nav pull-right">
    20:               <li><%= link_to "Home",    home_path %></li>
    21:               <li><%= link_to "Help",    help_path %></li>
    22:               <li><%= link_to "Sign in", signin_path %></li>
    23:             </ul>
  app/views/layouts/application.html.erb:20:in `_app_views_layouts_application_html_erb___1032545515__583517188'


  Rendered /home/vagrant/.rbenv/versions/2.0.0-p353/lib/ruby/gems/2.0.0/gems/actionpack-4.0.1/lib/action_dispatch/middleware/templates/rescues/_trace.erb (3.7ms)
  Rendered /home/vagrant/.rbenv/versions/2.0.0-p353/lib/ruby/gems/2.0.0/gems/actionpack-4.0.1/lib/action_dispatch/middleware/templates/rescues/_request_and_response.erb (1.5ms)
  Rendered /home/vagrant/.rbenv/versions/2.0.0-p353/lib/ruby/gems/2.0.0/gems/actionpack-4.0.1/lib/action_dispatch/middleware/templates/rescues/template_error.erb within rescues/layout (18.2ms)


Started GET "/signin" for 10.0.2.2 at 2014-03-06 00:01:43 -0500
Processing by SessionsController#new as HTML
  Rendered sessions/new.html.erb within layouts/application (1.5ms)
Completed 500 Internal Server Error in 204ms

ActionView::Template::Error (undefined local variable or method `home_path' for #<#<Class:0xbaed54f8>:0xbac0b894>):
    17:           <%= link_to "sample app", '#', id: "logo" %>
    18:           <nav>
    19:             <ul class="nav pull-right">
    20:               <li><%= link_to "Home", home_path %></li>
    21:               <li><%= link_to "Help", help_path %></li>
    22:               <li><%= link_to "Sign in", signin_path %></li>
    23:             </ul>
  app/views/layouts/application.html.erb:20:in `_app_views_layouts_application_html_erb___1032545515__580893198'


  Rendered /home/vagrant/.rbenv/versions/2.0.0-p353/lib/ruby/gems/2.0.0/gems/actionpack-4.0.1/lib/action_dispatch/middleware/templates/rescues/_trace.erb (1.7ms)
  Rendered /home/vagrant/.rbenv/versions/2.0.0-p353/lib/ruby/gems/2.0.0/gems/actionpack-4.0.1/lib/action_dispatch/middleware/templates/rescues/_request_and_response.erb (1.2ms)
  Rendered /home/vagrant/.rbenv/versions/2.0.0-p353/lib/ruby/gems/2.0.0/gems/actionpack-4.0.1/lib/action_dispatch/middleware/templates/rescues/template_error.erb within rescues/layout (19.3ms)


Started GET "/signin" for 10.0.2.2 at 2014-03-06 00:01:44 -0500
Processing by SessionsController#new as HTML
  Rendered sessions/new.html.erb within layouts/application (1.5ms)
Completed 500 Internal Server Error in 289ms

ActionView::Template::Error (undefined local variable or method `home_path' for #<#<Class:0xbaed54f8>:0xbadb9808>):
    17:           <%= link_to "sample app", '#', id: "logo" %>
    18:           <nav>
    19:             <ul class="nav pull-right">
    20:               <li><%= link_to "Home", home_path %></li>
    21:               <li><%= link_to "Help", help_path %></li>
    22:               <li><%= link_to "Sign in", signin_path %></li>
    23:             </ul>
  app/views/layouts/application.html.erb:20:in `_app_views_layouts_application_html_erb___1032545515__580893198'


  Rendered /home/vagrant/.rbenv/versions/2.0.0-p353/lib/ruby/gems/2.0.0/gems/actionpack-4.0.1/lib/action_dispatch/middleware/templates/rescues/_trace.erb (1.5ms)
  Rendered /home/vagrant/.rbenv/versions/2.0.0-p353/lib/ruby/gems/2.0.0/gems/actionpack-4.0.1/lib/action_dispatch/middleware/templates/rescues/_request_and_response.erb (2.9ms)
  Rendered /home/vagrant/.rbenv/versions/2.0.0-p353/lib/ruby/gems/2.0.0/gems/actionpack-4.0.1/lib/action_dispatch/middleware/templates/rescues/template_error.erb within rescues/layout (19.0ms)


Started GET "/signin" for 10.0.2.2 at 2014-03-06 00:02:17 -0500
Processing by SessionsController#new as HTML
  Rendered sessions/new.html.erb within layouts/application (1.9ms)
Completed 500 Internal Server Error in 250ms

ActionView::Template::Error (undefined local variable or method `home' for #<#<Class:0xbaed54f8>:0xba73980c>):
    17:           <%= link_to "sample app", '#', id: "logo" %>
    18:           <nav>
    19:             <ul class="nav pull-right">
    20:               <li><%= link_to "Home", home %></li>
    21:               <li><%= link_to "Help", help %></li>
    22:               <li><%= link_to "Sign in", signin_path %></li>
    23:             </ul>
  app/views/layouts/application.html.erb:20:in `_app_views_layouts_application_html_erb___1032545515__583393608'


  Rendered /home/vagrant/.rbenv/versions/2.0.0-p353/lib/ruby/gems/2.0.0/gems/actionpack-4.0.1/lib/action_dispatch/middleware/templates/rescues/_trace.erb (1.2ms)
  Rendered /home/vagrant/.rbenv/versions/2.0.0-p353/lib/ruby/gems/2.0.0/gems/actionpack-4.0.1/lib/action_dispatch/middleware/templates/rescues/_request_and_response.erb (1.6ms)
  Rendered /home/vagrant/.rbenv/versions/2.0.0-p353/lib/ruby/gems/2.0.0/gems/actionpack-4.0.1/lib/action_dispatch/middleware/templates/rescues/template_error.erb within rescues/layout (17.9ms)


Started GET "/signin" for 10.0.2.2 at 2014-03-06 00:03:50 -0500
  [1m[36mActiveRecord::SchemaMigration Load (2.0ms)[0m  [1mSELECT "schema_migrations".* FROM "schema_migrations"[0m
Processing by SessionsController#new as HTML
  Rendered sessions/new.html.erb within layouts/application (50.5ms)
Completed 500 Internal Server Error in 734ms

ActionView::Template::Error (undefined local variable or method `static_pages_home' for #<#<Class:0xb98f6f4c>:0xb98fb3bc>):
    17:           <%= link_to "sample app", '#', id: "logo" %>
    18:           <nav>
    19:             <ul class="nav pull-right">
    20:               <li><%= link_to "Home", static_pages_home %></li>
    21:               <li><%= link_to "Help", static_page_help %></li>
    22:               <li><%= link_to "Sign in", signin_path %></li>
    23:             </ul>
  app/views/layouts/application.html.erb:20:in `_app_views_layouts_application_html_erb__143059956__589528278'


  Rendered /home/vagrant/.rbenv/versions/2.0.0-p353/lib/ruby/gems/2.0.0/gems/actionpack-4.0.1/lib/action_dispatch/middleware/templates/rescues/_trace.erb (1.9ms)
  Rendered /home/vagrant/.rbenv/versions/2.0.0-p353/lib/ruby/gems/2.0.0/gems/actionpack-4.0.1/lib/action_dispatch/middleware/templates/rescues/_request_and_response.erb (1.2ms)
  Rendered /home/vagrant/.rbenv/versions/2.0.0-p353/lib/ruby/gems/2.0.0/gems/actionpack-4.0.1/lib/action_dispatch/middleware/templates/rescues/template_error.erb within rescues/layout (16.2ms)


Started GET "/signin" for 10.0.2.2 at 2014-03-06 00:04:20 -0500
Processing by SessionsController#new as HTML
  Rendered sessions/new.html.erb within layouts/application (2.5ms)
Completed 500 Internal Server Error in 251ms

ActionView::Template::Error (undefined local variable or method `static_page_help_path' for #<#<Class:0xb98f6f4c>:0xbab0db68>):
    18:           <nav>
    19:             <ul class="nav pull-right">
    20:               <li><%= link_to "Home", static_pages_home_path %></li>
    21:               <li><%= link_to "Help", static_page_help_path %></li>
    22:               <li><%= link_to "Sign in", signin_path %></li>
    23:             </ul>
    24:           </nav>
  app/views/layouts/application.html.erb:21:in `_app_views_layouts_application_html_erb__143059956__581395278'


  Rendered /home/vagrant/.rbenv/versions/2.0.0-p353/lib/ruby/gems/2.0.0/gems/actionpack-4.0.1/lib/action_dispatch/middleware/templates/rescues/_trace.erb (1.8ms)
  Rendered /home/vagrant/.rbenv/versions/2.0.0-p353/lib/ruby/gems/2.0.0/gems/actionpack-4.0.1/lib/action_dispatch/middleware/templates/rescues/_request_and_response.erb (49.8ms)
  Rendered /home/vagrant/.rbenv/versions/2.0.0-p353/lib/ruby/gems/2.0.0/gems/actionpack-4.0.1/lib/action_dispatch/middleware/templates/rescues/template_error.erb within rescues/layout (66.4ms)


Started GET "/signin" for 10.0.2.2 at 2014-03-06 00:08:11 -0500
  [1m[36mActiveRecord::SchemaMigration Load (2.9ms)[0m  [1mSELECT "schema_migrations".* FROM "schema_migrations"[0m
Processing by SessionsController#new as HTML
  Rendered sessions/new.html.erb within layouts/application (60.0ms)
Completed 500 Internal Server Error in 827ms

ActionView::Template::Error (undefined local variable or method `static_page_help' for #<#<Class:0xb9922ebc>:0xb993524c>):
    18:           <nav>
    19:             <ul class="nav pull-right">
    20:               <li><%= link_to "Home", 'static_pages/home' %></li>
    21:               <li><%= link_to "Help", static_page_help %></li>
    22:               <li><%= link_to "Sign in", signin_path %></li>
    23:             </ul>
    24:           </nav>
  app/views/layouts/application.html.erb:21:in `_app_views_layouts_application_html_erb___339711637__590364408'


  Rendered /home/vagrant/.rbenv/versions/2.0.0-p353/lib/ruby/gems/2.0.0/gems/actionpack-4.0.1/lib/action_dispatch/middleware/templates/rescues/_trace.erb (1.7ms)
  Rendered /home/vagrant/.rbenv/versions/2.0.0-p353/lib/ruby/gems/2.0.0/gems/actionpack-4.0.1/lib/action_dispatch/middleware/templates/rescues/_request_and_response.erb (1.3ms)
  Rendered /home/vagrant/.rbenv/versions/2.0.0-p353/lib/ruby/gems/2.0.0/gems/actionpack-4.0.1/lib/action_dispatch/middleware/templates/rescues/template_error.erb within rescues/layout (18.6ms)


Started GET "/" for 10.0.2.2 at 2014-03-06 00:08:13 -0500
Processing by StaticPagesController#home as HTML
  Rendered static_pages/home.html.erb within layouts/application (0.6ms)
Completed 500 Internal Server Error in 249ms

ActionView::Template::Error (undefined local variable or method `static_page_help' for #<#<Class:0xba08dc4c>:0xba08d1e8>):
    18:           <nav>
    19:             <ul class="nav pull-right">
    20:               <li><%= link_to "Home", 'static_pages/home' %></li>
    21:               <li><%= link_to "Help", static_page_help %></li>
    22:               <li><%= link_to "Sign in", signin_path %></li>
    23:             </ul>
    24:           </nav>
  app/views/layouts/application.html.erb:21:in `_app_views_layouts_application_html_erb___339711637__590364408'


  Rendered /home/vagrant/.rbenv/versions/2.0.0-p353/lib/ruby/gems/2.0.0/gems/actionpack-4.0.1/lib/action_dispatch/middleware/templates/rescues/_trace.erb (1.6ms)
  Rendered /home/vagrant/.rbenv/versions/2.0.0-p353/lib/ruby/gems/2.0.0/gems/actionpack-4.0.1/lib/action_dispatch/middleware/templates/rescues/_request_and_response.erb (1.7ms)
  Rendered /home/vagrant/.rbenv/versions/2.0.0-p353/lib/ruby/gems/2.0.0/gems/actionpack-4.0.1/lib/action_dispatch/middleware/templates/rescues/template_error.erb within rescues/layout (19.1ms)


Started GET "/" for 10.0.2.2 at 2014-03-06 00:08:14 -0500
Processing by StaticPagesController#home as HTML
  Rendered static_pages/home.html.erb within layouts/application (0.1ms)
Completed 500 Internal Server Error in 227ms

ActionView::Template::Error (undefined local variable or method `static_page_help' for #<#<Class:0xba08dc4c>:0xb9a94764>):
    18:           <nav>
    19:             <ul class="nav pull-right">
    20:               <li><%= link_to "Home", 'static_pages/home' %></li>
    21:               <li><%= link_to "Help", static_page_help %></li>
    22:               <li><%= link_to "Sign in", signin_path %></li>
    23:             </ul>
    24:           </nav>
  app/views/layouts/application.html.erb:21:in `_app_views_layouts_application_html_erb___339711637__590364408'


  Rendered /home/vagrant/.rbenv/versions/2.0.0-p353/lib/ruby/gems/2.0.0/gems/actionpack-4.0.1/lib/action_dispatch/middleware/templates/rescues/_trace.erb (1.5ms)
  Rendered /home/vagrant/.rbenv/versions/2.0.0-p353/lib/ruby/gems/2.0.0/gems/actionpack-4.0.1/lib/action_dispatch/middleware/templates/rescues/_request_and_response.erb (2.2ms)
  Rendered /home/vagrant/.rbenv/versions/2.0.0-p353/lib/ruby/gems/2.0.0/gems/actionpack-4.0.1/lib/action_dispatch/middleware/templates/rescues/template_error.erb within rescues/layout (18.8ms)


Started GET "/" for 10.0.2.2 at 2014-03-06 00:08:42 -0500
Processing by StaticPagesController#home as HTML
  Rendered static_pages/home.html.erb within layouts/application (0.1ms)
Completed 200 OK in 185ms (Views: 183.9ms | ActiveRecord: 0.0ms)


Started GET "/assets/application.css?body=1" for 10.0.2.2 at 2014-03-06 00:08:42 -0500


Started GET "/assets/custom.css?body=1" for 10.0.2.2 at 2014-03-06 00:08:42 -0500


Started GET "/assets/users.css?body=1" for 10.0.2.2 at 2014-03-06 00:08:43 -0500


Started GET "/assets/static_pages.css?body=1" for 10.0.2.2 at 2014-03-06 00:08:43 -0500


Started GET "/assets/sessions.css?body=1" for 10.0.2.2 at 2014-03-06 00:08:43 -0500


Started GET "/assets/main.css?body=1" for 10.0.2.2 at 2014-03-06 00:08:43 -0500


Started GET "/assets/jquery.js?body=1" for 10.0.2.2 at 2014-03-06 00:08:43 -0500


Started GET "/assets/jquery_ujs.js?body=1" for 10.0.2.2 at 2014-03-06 00:08:43 -0500


Started GET "/assets/turbolinks.js?body=1" for 10.0.2.2 at 2014-03-06 00:08:43 -0500


Started GET "/assets/main.js?body=1" for 10.0.2.2 at 2014-03-06 00:08:43 -0500


Started GET "/assets/sessions.js?body=1" for 10.0.2.2 at 2014-03-06 00:08:43 -0500


Started GET "/assets/static_pages.js?body=1" for 10.0.2.2 at 2014-03-06 00:08:43 -0500


Started GET "/assets/users.js?body=1" for 10.0.2.2 at 2014-03-06 00:08:44 -0500


Started GET "/assets/application.js?body=1" for 10.0.2.2 at 2014-03-06 00:08:44 -0500


Started GET "/signin" for 10.0.2.2 at 2014-03-06 00:08:47 -0500
Processing by SessionsController#new as HTML
  Rendered sessions/new.html.erb within layouts/application (2.1ms)
Completed 200 OK in 206ms (Views: 204.9ms | ActiveRecord: 0.0ms)


Started GET "/static_page/help" for 10.0.2.2 at 2014-03-06 00:08:49 -0500

ActionController::RoutingError (No route matches [GET] "/static_page/help"):
  actionpack (4.0.1) lib/action_dispatch/middleware/debug_exceptions.rb:21:in `call'
  actionpack (4.0.1) lib/action_dispatch/middleware/show_exceptions.rb:30:in `call'
  railties (4.0.1) lib/rails/rack/logger.rb:38:in `call_app'
  railties (4.0.1) lib/rails/rack/logger.rb:20:in `block in call'
  activesupport (4.0.1) lib/active_support/tagged_logging.rb:67:in `block in tagged'
  activesupport (4.0.1) lib/active_support/tagged_logging.rb:25:in `tagged'
  activesupport (4.0.1) lib/active_support/tagged_logging.rb:67:in `tagged'
  railties (4.0.1) lib/rails/rack/logger.rb:20:in `call'
  actionpack (4.0.1) lib/action_dispatch/middleware/request_id.rb:21:in `call'
  rack (1.5.2) lib/rack/methodoverride.rb:21:in `call'
  rack (1.5.2) lib/rack/runtime.rb:17:in `call'
  activesupport (4.0.1) lib/active_support/cache/strategy/local_cache.rb:83:in `call'
  rack (1.5.2) lib/rack/lock.rb:17:in `call'
  actionpack (4.0.1) lib/action_dispatch/middleware/static.rb:64:in `call'
  rack (1.5.2) lib/rack/sendfile.rb:112:in `call'
  railties (4.0.1) lib/rails/engine.rb:511:in `call'
  railties (4.0.1) lib/rails/application.rb:97:in `call'
  rack (1.5.2) lib/rack/lock.rb:17:in `call'
  rack (1.5.2) lib/rack/content_length.rb:14:in `call'
  rack (1.5.2) lib/rack/handler/webrick.rb:60:in `service'
  /home/vagrant/.rbenv/versions/2.0.0-p353/lib/ruby/2.0.0/webrick/httpserver.rb:138:in `service'
  /home/vagrant/.rbenv/versions/2.0.0-p353/lib/ruby/2.0.0/webrick/httpserver.rb:94:in `run'
  /home/vagrant/.rbenv/versions/2.0.0-p353/lib/ruby/2.0.0/webrick/server.rb:295:in `block in start_thread'


  Rendered /home/vagrant/.rbenv/versions/2.0.0-p353/lib/ruby/gems/2.0.0/gems/actionpack-4.0.1/lib/action_dispatch/middleware/templates/rescues/_trace.erb (1.1ms)
  Rendered /home/vagrant/.rbenv/versions/2.0.0-p353/lib/ruby/gems/2.0.0/gems/actionpack-4.0.1/lib/action_dispatch/middleware/templates/routes/_route.html.erb (2.5ms)
  Rendered /home/vagrant/.rbenv/versions/2.0.0-p353/lib/ruby/gems/2.0.0/gems/actionpack-4.0.1/lib/action_dispatch/middleware/templates/routes/_table.html.erb (12.0ms)
  Rendered /home/vagrant/.rbenv/versions/2.0.0-p353/lib/ruby/gems/2.0.0/gems/actionpack-4.0.1/lib/action_dispatch/middleware/templates/rescues/routing_error.erb within rescues/layout (53.8ms)


Started GET "/static_page/help" for 10.0.2.2 at 2014-03-06 00:08:49 -0500

ActionController::RoutingError (No route matches [GET] "/static_page/help"):
  actionpack (4.0.1) lib/action_dispatch/middleware/debug_exceptions.rb:21:in `call'
  actionpack (4.0.1) lib/action_dispatch/middleware/show_exceptions.rb:30:in `call'
  railties (4.0.1) lib/rails/rack/logger.rb:38:in `call_app'
  railties (4.0.1) lib/rails/rack/logger.rb:20:in `block in call'
  activesupport (4.0.1) lib/active_support/tagged_logging.rb:67:in `block in tagged'
  activesupport (4.0.1) lib/active_support/tagged_logging.rb:25:in `tagged'
  activesupport (4.0.1) lib/active_support/tagged_logging.rb:67:in `tagged'
  railties (4.0.1) lib/rails/rack/logger.rb:20:in `call'
  actionpack (4.0.1) lib/action_dispatch/middleware/request_id.rb:21:in `call'
  rack (1.5.2) lib/rack/methodoverride.rb:21:in `call'
  rack (1.5.2) lib/rack/runtime.rb:17:in `call'
  activesupport (4.0.1) lib/active_support/cache/strategy/local_cache.rb:83:in `call'
  rack (1.5.2) lib/rack/lock.rb:17:in `call'
  actionpack (4.0.1) lib/action_dispatch/middleware/static.rb:64:in `call'
  rack (1.5.2) lib/rack/sendfile.rb:112:in `call'
  railties (4.0.1) lib/rails/engine.rb:511:in `call'
  railties (4.0.1) lib/rails/application.rb:97:in `call'
  rack (1.5.2) lib/rack/lock.rb:17:in `call'
  rack (1.5.2) lib/rack/content_length.rb:14:in `call'
  rack (1.5.2) lib/rack/handler/webrick.rb:60:in `service'
  /home/vagrant/.rbenv/versions/2.0.0-p353/lib/ruby/2.0.0/webrick/httpserver.rb:138:in `service'
  /home/vagrant/.rbenv/versions/2.0.0-p353/lib/ruby/2.0.0/webrick/httpserver.rb:94:in `run'
  /home/vagrant/.rbenv/versions/2.0.0-p353/lib/ruby/2.0.0/webrick/server.rb:295:in `block in start_thread'


  Rendered /home/vagrant/.rbenv/versions/2.0.0-p353/lib/ruby/gems/2.0.0/gems/actionpack-4.0.1/lib/action_dispatch/middleware/templates/rescues/_trace.erb (1.4ms)
  Rendered /home/vagrant/.rbenv/versions/2.0.0-p353/lib/ruby/gems/2.0.0/gems/actionpack-4.0.1/lib/action_dispatch/middleware/templates/routes/_route.html.erb (5.1ms)
  Rendered /home/vagrant/.rbenv/versions/2.0.0-p353/lib/ruby/gems/2.0.0/gems/actionpack-4.0.1/lib/action_dispatch/middleware/templates/routes/_table.html.erb (1.4ms)
  Rendered /home/vagrant/.rbenv/versions/2.0.0-p353/lib/ruby/gems/2.0.0/gems/actionpack-4.0.1/lib/action_dispatch/middleware/templates/rescues/routing_error.erb within rescues/layout (32.2ms)


Started GET "/signin" for 10.0.2.2 at 2014-03-06 00:09:32 -0500
Processing by SessionsController#new as HTML
  Rendered sessions/new.html.erb within layouts/application (2.8ms)
Completed 200 OK in 246ms (Views: 244.7ms | ActiveRecord: 0.0ms)


Started GET "/" for 10.0.2.2 at 2014-03-06 00:09:32 -0500
Processing by StaticPagesController#home as HTML
  Rendered static_pages/home.html.erb within layouts/application (0.1ms)
Completed 200 OK in 195ms (Views: 193.9ms | ActiveRecord: 0.0ms)


Started GET "/assets/application.css?body=1" for 10.0.2.2 at 2014-03-06 00:09:32 -0500


Started GET "/assets/main.css?body=1" for 10.0.2.2 at 2014-03-06 00:09:33 -0500


Started GET "/assets/custom.css?body=1" for 10.0.2.2 at 2014-03-06 00:09:33 -0500


Started GET "/" for 10.0.2.2 at 2014-03-06 00:09:33 -0500
Processing by StaticPagesController#home as HTML
  Rendered static_pages/home.html.erb within layouts/application (0.1ms)
Completed 200 OK in 195ms (Views: 194.2ms | ActiveRecord: 0.0ms)


Started GET "/assets/users.css?body=1" for 10.0.2.2 at 2014-03-06 00:09:33 -0500


Started GET "/assets/static_pages.css?body=1" for 10.0.2.2 at 2014-03-06 00:09:33 -0500


Started GET "/assets/sessions.css?body=1" for 10.0.2.2 at 2014-03-06 00:09:33 -0500


Started GET "/assets/application.css?body=1" for 10.0.2.2 at 2014-03-06 00:09:34 -0500


Started GET "/assets/custom.css?body=1" for 10.0.2.2 at 2014-03-06 00:09:34 -0500


Started GET "/assets/main.js?body=1" for 10.0.2.2 at 2014-03-06 00:09:34 -0500


Started GET "/assets/jquery.js?body=1" for 10.0.2.2 at 2014-03-06 00:09:34 -0500


Started GET "/assets/jquery_ujs.js?body=1" for 10.0.2.2 at 2014-03-06 00:09:34 -0500


Started GET "/assets/turbolinks.js?body=1" for 10.0.2.2 at 2014-03-06 00:09:34 -0500


Started GET "/assets/sessions.js?body=1" for 10.0.2.2 at 2014-03-06 00:09:34 -0500


Started GET "/assets/static_pages.js?body=1" for 10.0.2.2 at 2014-03-06 00:09:34 -0500


Started GET "/assets/users.js?body=1" for 10.0.2.2 at 2014-03-06 00:09:34 -0500


Started GET "/assets/application.js?body=1" for 10.0.2.2 at 2014-03-06 00:09:34 -0500


Started GET "/static_pages/help" for 10.0.2.2 at 2014-03-06 00:09:38 -0500
Processing by StaticPagesController#help as HTML
  Rendered static_pages/help.html.erb within layouts/application (0.6ms)
Completed 200 OK in 205ms (Views: 204.3ms | ActiveRecord: 0.0ms)


Started GET "/signin" for 10.0.2.2 at 2014-03-06 00:09:44 -0500
Processing by SessionsController#new as HTML
  Rendered sessions/new.html.erb within layouts/application (1.2ms)
Completed 200 OK in 185ms (Views: 184.0ms | ActiveRecord: 0.0ms)


Started GET "/static_pages/help" for 10.0.2.2 at 2014-03-06 00:09:46 -0500
Processing by StaticPagesController#help as HTML
  Rendered static_pages/help.html.erb within layouts/application (0.1ms)
Completed 200 OK in 211ms (Views: 210.5ms | ActiveRecord: 0.0ms)


Started GET "/static_pages/static_pages/home" for 10.0.2.2 at 2014-03-06 00:09:47 -0500

ActionController::RoutingError (No route matches [GET] "/static_pages/static_pages/home"):
  actionpack (4.0.1) lib/action_dispatch/middleware/debug_exceptions.rb:21:in `call'
  actionpack (4.0.1) lib/action_dispatch/middleware/show_exceptions.rb:30:in `call'
  railties (4.0.1) lib/rails/rack/logger.rb:38:in `call_app'
  railties (4.0.1) lib/rails/rack/logger.rb:20:in `block in call'
  activesupport (4.0.1) lib/active_support/tagged_logging.rb:67:in `block in tagged'
  activesupport (4.0.1) lib/active_support/tagged_logging.rb:25:in `tagged'
  activesupport (4.0.1) lib/active_support/tagged_logging.rb:67:in `tagged'
  railties (4.0.1) lib/rails/rack/logger.rb:20:in `call'
  actionpack (4.0.1) lib/action_dispatch/middleware/request_id.rb:21:in `call'
  rack (1.5.2) lib/rack/methodoverride.rb:21:in `call'
  rack (1.5.2) lib/rack/runtime.rb:17:in `call'
  activesupport (4.0.1) lib/active_support/cache/strategy/local_cache.rb:83:in `call'
  rack (1.5.2) lib/rack/lock.rb:17:in `call'
  actionpack (4.0.1) lib/action_dispatch/middleware/static.rb:64:in `call'
  rack (1.5.2) lib/rack/sendfile.rb:112:in `call'
  railties (4.0.1) lib/rails/engine.rb:511:in `call'
  railties (4.0.1) lib/rails/application.rb:97:in `call'
  rack (1.5.2) lib/rack/lock.rb:17:in `call'
  rack (1.5.2) lib/rack/content_length.rb:14:in `call'
  rack (1.5.2) lib/rack/handler/webrick.rb:60:in `service'
  /home/vagrant/.rbenv/versions/2.0.0-p353/lib/ruby/2.0.0/webrick/httpserver.rb:138:in `service'
  /home/vagrant/.rbenv/versions/2.0.0-p353/lib/ruby/2.0.0/webrick/httpserver.rb:94:in `run'
  /home/vagrant/.rbenv/versions/2.0.0-p353/lib/ruby/2.0.0/webrick/server.rb:295:in `block in start_thread'


  Rendered /home/vagrant/.rbenv/versions/2.0.0-p353/lib/ruby/gems/2.0.0/gems/actionpack-4.0.1/lib/action_dispatch/middleware/templates/rescues/_trace.erb (1.1ms)
  Rendered /home/vagrant/.rbenv/versions/2.0.0-p353/lib/ruby/gems/2.0.0/gems/actionpack-4.0.1/lib/action_dispatch/middleware/templates/routes/_route.html.erb (3.4ms)
  Rendered /home/vagrant/.rbenv/versions/2.0.0-p353/lib/ruby/gems/2.0.0/gems/actionpack-4.0.1/lib/action_dispatch/middleware/templates/routes/_table.html.erb (1.6ms)
  Rendered /home/vagrant/.rbenv/versions/2.0.0-p353/lib/ruby/gems/2.0.0/gems/actionpack-4.0.1/lib/action_dispatch/middleware/templates/rescues/routing_error.erb within rescues/layout (27.9ms)


Started GET "/static_pages/static_pages/home" for 10.0.2.2 at 2014-03-06 00:09:47 -0500

ActionController::RoutingError (No route matches [GET] "/static_pages/static_pages/home"):
  actionpack (4.0.1) lib/action_dispatch/middleware/debug_exceptions.rb:21:in `call'
  actionpack (4.0.1) lib/action_dispatch/middleware/show_exceptions.rb:30:in `call'
  railties (4.0.1) lib/rails/rack/logger.rb:38:in `call_app'
  railties (4.0.1) lib/rails/rack/logger.rb:20:in `block in call'
  activesupport (4.0.1) lib/active_support/tagged_logging.rb:67:in `block in tagged'
  activesupport (4.0.1) lib/active_support/tagged_logging.rb:25:in `tagged'
  activesupport (4.0.1) lib/active_support/tagged_logging.rb:67:in `tagged'
  railties (4.0.1) lib/rails/rack/logger.rb:20:in `call'
  actionpack (4.0.1) lib/action_dispatch/middleware/request_id.rb:21:in `call'
  rack (1.5.2) lib/rack/methodoverride.rb:21:in `call'
  rack (1.5.2) lib/rack/runtime.rb:17:in `call'
  activesupport (4.0.1) lib/active_support/cache/strategy/local_cache.rb:83:in `call'
  rack (1.5.2) lib/rack/lock.rb:17:in `call'
  actionpack (4.0.1) lib/action_dispatch/middleware/static.rb:64:in `call'
  rack (1.5.2) lib/rack/sendfile.rb:112:in `call'
  railties (4.0.1) lib/rails/engine.rb:511:in `call'
  railties (4.0.1) lib/rails/application.rb:97:in `call'
  rack (1.5.2) lib/rack/lock.rb:17:in `call'
  rack (1.5.2) lib/rack/content_length.rb:14:in `call'
  rack (1.5.2) lib/rack/handler/webrick.rb:60:in `service'
  /home/vagrant/.rbenv/versions/2.0.0-p353/lib/ruby/2.0.0/webrick/httpserver.rb:138:in `service'
  /home/vagrant/.rbenv/versions/2.0.0-p353/lib/ruby/2.0.0/webrick/httpserver.rb:94:in `run'
  /home/vagrant/.rbenv/versions/2.0.0-p353/lib/ruby/2.0.0/webrick/server.rb:295:in `block in start_thread'


  Rendered /home/vagrant/.rbenv/versions/2.0.0-p353/lib/ruby/gems/2.0.0/gems/actionpack-4.0.1/lib/action_dispatch/middleware/templates/rescues/_trace.erb (1.0ms)
  Rendered /home/vagrant/.rbenv/versions/2.0.0-p353/lib/ruby/gems/2.0.0/gems/actionpack-4.0.1/lib/action_dispatch/middleware/templates/routes/_route.html.erb (2.1ms)
  Rendered /home/vagrant/.rbenv/versions/2.0.0-p353/lib/ruby/gems/2.0.0/gems/actionpack-4.0.1/lib/action_dispatch/middleware/templates/routes/_table.html.erb (1.7ms)
  Rendered /home/vagrant/.rbenv/versions/2.0.0-p353/lib/ruby/gems/2.0.0/gems/actionpack-4.0.1/lib/action_dispatch/middleware/templates/rescues/routing_error.erb within rescues/layout (30.5ms)


Started GET "/" for 10.0.2.2 at 2014-03-06 00:10:12 -0500
Processing by StaticPagesController#home as HTML
  Rendered static_pages/home.html.erb within layouts/application (0.1ms)
Completed 200 OK in 213ms (Views: 211.8ms | ActiveRecord: 0.0ms)


Started GET "/assets/application.css?body=1" for 10.0.2.2 at 2014-03-06 00:10:13 -0500


Started GET "/assets/custom.css?body=1" for 10.0.2.2 at 2014-03-06 00:10:13 -0500


Started GET "/assets/main.js?body=1" for 10.0.2.2 at 2014-03-06 00:10:13 -0500


Started GET "/assets/jquery_ujs.js?body=1" for 10.0.2.2 at 2014-03-06 00:10:13 -0500


Started GET "/assets/turbolinks.js?body=1" for 10.0.2.2 at 2014-03-06 00:10:13 -0500


Started GET "/assets/jquery.js?body=1" for 10.0.2.2 at 2014-03-06 00:10:13 -0500


Started GET "/assets/sessions.js?body=1" for 10.0.2.2 at 2014-03-06 00:10:13 -0500


Started GET "/assets/static_pages.js?body=1" for 10.0.2.2 at 2014-03-06 00:10:13 -0500


Started GET "/assets/users.js?body=1" for 10.0.2.2 at 2014-03-06 00:10:13 -0500


Started GET "/assets/application.js?body=1" for 10.0.2.2 at 2014-03-06 00:10:13 -0500


Started GET "/static_pages/help" for 10.0.2.2 at 2014-03-06 00:10:25 -0500
Processing by StaticPagesController#help as HTML
  Rendered static_pages/help.html.erb within layouts/application (0.1ms)
Completed 200 OK in 352ms (Views: 350.8ms | ActiveRecord: 0.0ms)


Started GET "/static_pages/help" for 10.0.2.2 at 2014-03-06 00:10:55 -0500
Processing by StaticPagesController#help as HTML
  Rendered static_pages/help.html.erb within layouts/application (0.6ms)
Completed 200 OK in 187ms (Views: 186.2ms | ActiveRecord: 0.0ms)


Started GET "/assets/application.css?body=1" for 10.0.2.2 at 2014-03-06 00:10:55 -0500


Started GET "/assets/custom.css?body=1" for 10.0.2.2 at 2014-03-06 00:10:55 -0500


Started GET "/assets/jquery.js?body=1" for 10.0.2.2 at 2014-03-06 00:10:55 -0500


Started GET "/assets/users.css?body=1" for 10.0.2.2 at 2014-03-06 00:10:55 -0500


Started GET "/assets/static_pages.css?body=1" for 10.0.2.2 at 2014-03-06 00:10:56 -0500


Started GET "/assets/sessions.css?body=1" for 10.0.2.2 at 2014-03-06 00:10:56 -0500


Started GET "/assets/main.css?body=1" for 10.0.2.2 at 2014-03-06 00:10:56 -0500


Started GET "/assets/jquery_ujs.js?body=1" for 10.0.2.2 at 2014-03-06 00:10:56 -0500


Started GET "/assets/turbolinks.js?body=1" for 10.0.2.2 at 2014-03-06 00:10:56 -0500


Started GET "/assets/main.js?body=1" for 10.0.2.2 at 2014-03-06 00:10:56 -0500


Started GET "/assets/sessions.js?body=1" for 10.0.2.2 at 2014-03-06 00:10:56 -0500


Started GET "/assets/static_pages.js?body=1" for 10.0.2.2 at 2014-03-06 00:10:56 -0500


Started GET "/assets/users.js?body=1" for 10.0.2.2 at 2014-03-06 00:10:56 -0500


Started GET "/assets/application.js?body=1" for 10.0.2.2 at 2014-03-06 00:10:56 -0500


Started GET "/" for 10.0.2.2 at 2014-03-06 00:10:58 -0500
Processing by StaticPagesController#home as HTML
  Rendered static_pages/home.html.erb within layouts/application (0.5ms)
Completed 200 OK in 216ms (Views: 215.3ms | ActiveRecord: 0.0ms)


Started GET "/static_pages/help" for 10.0.2.2 at 2014-03-06 00:11:01 -0500
Processing by StaticPagesController#help as HTML
  Rendered static_pages/help.html.erb within layouts/application (0.1ms)
Completed 200 OK in 175ms (Views: 174.2ms | ActiveRecord: 0.0ms)


Started GET "/" for 10.0.2.2 at 2014-03-07 20:25:18 -0500
Processing by Rails::WelcomeController#index as HTML
  Rendered /home/vagrant/.rbenv/versions/2.0.0-p353/lib/ruby/gems/2.0.0/gems/railties-4.0.1/lib/rails/templates/rails/welcome/index.html.erb (43.1ms)
Completed 200 OK in 110ms (Views: 75.9ms | ActiveRecord: 0.0ms)


Started GET "/main/search" for 10.0.2.2 at 2014-03-07 20:25:29 -0500
Processing by MainController#search as HTML
  Rendered main/search.html.erb within layouts/application (54.5ms)
Completed 200 OK in 684ms (Views: 682.8ms | ActiveRecord: 0.0ms)


Started GET "/assets/application.css?body=1" for 10.0.2.2 at 2014-03-07 20:25:29 -0500


Started GET "/assets/jquery.js?body=1" for 10.0.2.2 at 2014-03-07 20:25:30 -0500


Started GET "/assets/main.css?body=1" for 10.0.2.2 at 2014-03-07 20:25:30 -0500


Started GET "/assets/main.js?body=1" for 10.0.2.2 at 2014-03-07 20:25:30 -0500


Started GET "/assets/turbolinks.js?body=1" for 10.0.2.2 at 2014-03-07 20:25:30 -0500


Started GET "/assets/jquery_ujs.js?body=1" for 10.0.2.2 at 2014-03-07 20:25:30 -0500


Started GET "/assets/application.js?body=1" for 10.0.2.2 at 2014-03-07 20:25:30 -0500
  [1m[36mActiveRecord::SchemaMigration Load (2.2ms)[0m  [1mSELECT "schema_migrations".* FROM "schema_migrations"[0m
Migrating to CreateConfigControllers (20140310235038)
  [1m[35m (0.1ms)[0m  begin transaction
  [1m[36m (37.6ms)[0m  [1mCREATE TABLE "config_controllers" ("id" INTEGER PRIMARY KEY AUTOINCREMENT NOT NULL, "show" varchar(255), "created_at" datetime, "updated_at" datetime) [0m
  [1m[35mSQL (13.8ms)[0m  INSERT INTO "schema_migrations" ("version") VALUES (?)  [["version", "20140310235038"]]
  [1m[36m (33.2ms)[0m  [1mcommit transaction[0m
Migrating to CreateProducts (20140312230933)
  [1m[35m (0.1ms)[0m  begin transaction
  [1m[36m (35.8ms)[0m  [1mCREATE TABLE "products" ("id" INTEGER PRIMARY KEY AUTOINCREMENT NOT NULL, "name" varchar(255), "rating" float, "rating_count" integer, "description" varchar(255), "picture_path" varchar(255), "subtype" varchar(255), "created_at" datetime, "updated_at" datetime) [0m
  [1m[35mSQL (13.4ms)[0m  INSERT INTO "schema_migrations" ("version") VALUES (?)  [["version", "20140312230933"]]
  [1m[36m (24.7ms)[0m  [1mcommit transaction[0m
Migrating to CreateMouthpieces (20140312231326)
  [1m[35m (0.1ms)[0m  begin transaction
  [1m[36m (26.7ms)[0m  [1mCREATE TABLE "mouthpieces" ("product_id" integer, "created_at" datetime, "updated_at" datetime) [0m
  [1m[35mSQL (9.9ms)[0m  INSERT INTO "schema_migrations" ("version") VALUES (?)  [["version", "20140312231326"]]
  [1m[36m (14.5ms)[0m  [1mcommit transaction[0m
Migrating to CreateTanks (20140312231438)
  [1m[35m (0.1ms)[0m  begin transaction
  [1m[36m (34.3ms)[0m  [1mCREATE TABLE "tanks" ("product_id" integer, "volume_in_ml" float, "connector_id" integer, "created_at" datetime, "updated_at" datetime) [0m
  [1m[35mSQL (3.0ms)[0m  INSERT INTO "schema_migrations" ("version") VALUES (?)  [["version", "20140312231438"]]
  [1m[36m (23.4ms)[0m  [1mcommit transaction[0m
Migrating to CreateWicks (20140312231752)
  [1m[35m (0.1ms)[0m  begin transaction
  [1m[36m (23.2ms)[0m  [1mCREATE TABLE "wicks" ("product_id" integer, "resistance_in_ohm" float, "connector_id" integer, "created_at" datetime, "updated_at" datetime) [0m
  [1m[35mSQL (1.3ms)[0m  INSERT INTO "schema_migrations" ("version") VALUES (?)  [["version", "20140312231752"]]
  [1m[36m (10.5ms)[0m  [1mcommit transaction[0m
Migrating to CreateButtons (20140312231813)
  [1m[35m (0.1ms)[0m  begin transaction
  [1m[36m (35.2ms)[0m  [1mCREATE TABLE "buttons" ("product_id" integer, "connector_id" integer, "created_at" datetime, "updated_at" datetime) [0m
  [1m[35mSQL (1.2ms)[0m  INSERT INTO "schema_migrations" ("version") VALUES (?)  [["version", "20140312231813"]]
  [1m[36m (27.0ms)[0m  [1mcommit transaction[0m
Migrating to CreateBatteries (20140312231824)
  [1m[35m (0.7ms)[0m  begin transaction
  [1m[36m (43.5ms)[0m  [1mCREATE TABLE "batteries" ("product_id" integer, "created_at" datetime, "updated_at" datetime) [0m
  [1m[35mSQL (6.4ms)[0m  INSERT INTO "schema_migrations" ("version") VALUES (?)  [["version", "20140312231824"]]
  [1m[36m (26.6ms)[0m  [1mcommit transaction[0m
Migrating to CreateChargers (20140312231832)
  [1m[35m (0.1ms)[0m  begin transaction
  [1m[36m (5.3ms)[0m  [1mCREATE TABLE "chargers" ("product_id" integer, "created_at" datetime, "updated_at" datetime) [0m
  [1m[35mSQL (1.1ms)[0m  INSERT INTO "schema_migrations" ("version") VALUES (?)  [["version", "20140312231832"]]
  [1m[36m (21.4ms)[0m  [1mcommit transaction[0m
Migrating to CreateCartridges (20140312231913)
  [1m[35m (0.1ms)[0m  begin transaction
  [1m[36m (41.2ms)[0m  [1mCREATE TABLE "cartridges" ("product_id" integer, "created_at" datetime, "updated_at" datetime) [0m
  [1m[35mSQL (11.9ms)[0m  INSERT INTO "schema_migrations" ("version") VALUES (?)  [["version", "20140312231913"]]
  [1m[36m (14.4ms)[0m  [1mcommit transaction[0m
Migrating to CreateKits (20140312232033)
  [1m[35m (0.1ms)[0m  begin transaction
  [1m[36m (34.4ms)[0m  [1mCREATE TABLE "kits" ("product_id" integer, "mouthpiece_id" integer, "tank_id" integer, "wick_id" integer, "button_id" integer, "battery_id" integer, "charger_id" integer, "cartridge_id" integer, "created_at" datetime, "updated_at" datetime) [0m
  [1m[35mSQL (2.3ms)[0m  INSERT INTO "schema_migrations" ("version") VALUES (?)  [["version", "20140312232033"]]
  [1m[36m (19.5ms)[0m  [1mcommit transaction[0m
  [1m[35mActiveRecord::SchemaMigration Load (2.6ms)[0m  SELECT "schema_migrations".* FROM "schema_migrations"
  [1m[36m (2.4ms)[0m  [1mSELECT COUNT(*) FROM "products"[0m
  [1m[36m (5.3ms)[0m  [1mbegin transaction[0m
  [1m[35m (0.2ms)[0m  rollback transaction
  [1m[36mActiveRecord::SchemaMigration Load (2.8ms)[0m  [1mSELECT "schema_migrations".* FROM "schema_migrations"[0m
Migrating to CreateBatteryDets (20140313165931)
  [1m[35m (0.2ms)[0m  begin transaction
  [1m[36m (34.3ms)[0m  [1mCREATE TABLE "battery_dets" ("id" INTEGER PRIMARY KEY AUTOINCREMENT NOT NULL, "voltage" varchar(255), "wattage" varchar(255), "created_at" datetime, "updated_at" datetime) [0m
  [1m[35mSQL (7.8ms)[0m  INSERT INTO "schema_migrations" ("version") VALUES (?)  [["version", "20140313165931"]]
  [1m[36m (24.6ms)[0m  [1mcommit transaction[0m
Migrating to CreateMouthpieceDets (20140313165955)
  [1m[35m (0.1ms)[0m  begin transaction
  [1m[36m (7.8ms)[0m  [1mCREATE TABLE "mouthpiece_dets" ("id" INTEGER PRIMARY KEY AUTOINCREMENT NOT NULL, "created_at" datetime, "updated_at" datetime) [0m
  [1m[35mSQL (5.3ms)[0m  INSERT INTO "schema_migrations" ("version") VALUES (?)  [["version", "20140313165955"]]
  [1m[36m (15.4ms)[0m  [1mcommit transaction[0m
Migrating to CreateTankDets (20140313170008)
  [1m[35m (0.1ms)[0m  begin transaction
  [1m[36m (37.3ms)[0m  [1mCREATE TABLE "tank_dets" ("id" INTEGER PRIMARY KEY AUTOINCREMENT NOT NULL, "volume_in_ml" float, "connector_id" integer, "created_at" datetime, "updated_at" datetime) [0m
  [1m[35mSQL (8.0ms)[0m  INSERT INTO "schema_migrations" ("version") VALUES (?)  [["version", "20140313170008"]]
  [1m[36m (22.4ms)[0m  [1mcommit transaction[0m
Migrating to CreateWickDets (20140313170424)
  [1m[35m (0.1ms)[0m  begin transaction
  [1m[36m (38.1ms)[0m  [1mCREATE TABLE "wick_dets" ("id" INTEGER PRIMARY KEY AUTOINCREMENT NOT NULL, "resistance_in_ohm" float, "connector_id" integer, "created_at" datetime, "updated_at" datetime) [0m
  [1m[35mSQL (7.4ms)[0m  INSERT INTO "schema_migrations" ("version") VALUES (?)  [["version", "20140313170424"]]
  [1m[36m (25.6ms)[0m  [1mcommit transaction[0m
Migrating to CreateChargerDets (20140313170805)
  [1m[35m (0.1ms)[0m  begin transaction
  [1m[36m (45.8ms)[0m  [1mCREATE TABLE "charger_dets" ("id" INTEGER PRIMARY KEY AUTOINCREMENT NOT NULL, "created_at" datetime, "updated_at" datetime) [0m
  [1m[35mSQL (0.8ms)[0m  INSERT INTO "schema_migrations" ("version") VALUES (?)  [["version", "20140313170805"]]
  [1m[36m (23.2ms)[0m  [1mcommit transaction[0m
Migrating to CreateCartridgeDets (20140313170817)
  [1m[35m (0.1ms)[0m  begin transaction
  [1m[36m (62.4ms)[0m  [1mCREATE TABLE "cartridge_dets" ("id" INTEGER PRIMARY KEY AUTOINCREMENT NOT NULL, "created_at" datetime, "updated_at" datetime) [0m
  [1m[35mSQL (10.1ms)[0m  INSERT INTO "schema_migrations" ("version") VALUES (?)  [["version", "20140313170817"]]
  [1m[36m (19.6ms)[0m  [1mcommit transaction[0m
Migrating to CreateKitDets (20140313170835)
  [1m[35m (0.1ms)[0m  begin transaction
  [1m[36m (43.2ms)[0m  [1mCREATE TABLE "kit_dets" ("id" INTEGER PRIMARY KEY AUTOINCREMENT NOT NULL, "mouthpiece_id" integer, "tank_id" integer, "wick_id" integer, "button_id" integer, "battery_id" integer, "charger_id" integer, "cartridge_id" integer, "created_at" datetime, "updated_at" datetime) [0m
  [1m[35mSQL (11.3ms)[0m  INSERT INTO "schema_migrations" ("version") VALUES (?)  [["version", "20140313170835"]]
  [1m[36m (25.0ms)[0m  [1mcommit transaction[0m
Migrating to CreateButtonDets (20140313171321)
  [1m[35m (0.2ms)[0m  begin transaction
  [1m[36m (40.1ms)[0m  [1mCREATE TABLE "button_dets" ("id" INTEGER PRIMARY KEY AUTOINCREMENT NOT NULL, "connector_id" integer, "created_at" datetime, "updated_at" datetime) [0m
  [1m[35mSQL (6.3ms)[0m  INSERT INTO "schema_migrations" ("version") VALUES (?)  [["version", "20140313171321"]]
  [1m[36m (9.8ms)[0m  [1mcommit transaction[0m
Migrating to CreateConnectors (20140313172823)
  [1m[35m (1.0ms)[0m  begin transaction
  [1m[36m (43.1ms)[0m  [1mCREATE TABLE "connectors" ("id" INTEGER PRIMARY KEY AUTOINCREMENT NOT NULL, "name" varchar(255), "created_at" datetime, "updated_at" datetime) [0m
  [1m[35mSQL (5.4ms)[0m  INSERT INTO "schema_migrations" ("version") VALUES (?)  [["version", "20140313172823"]]
  [1m[36m (24.0ms)[0m  [1mcommit transaction[0m
  [1m[35mActiveRecord::SchemaMigration Load (2.8ms)[0m  SELECT "schema_migrations".* FROM "schema_migrations"
  [1m[36m (4.2ms)[0m  [1mbegin transaction[0m
  [1m[35m (0.2ms)[0m  rollback transaction
  [1m[36mActiveRecord::SchemaMigration Load (2.6ms)[0m  [1mSELECT "schema_migrations".* FROM "schema_migrations"[0m
  [1m[35mActiveRecord::SchemaMigration Load (2.2ms)[0m  SELECT "schema_migrations".* FROM "schema_migrations"
  [1m[36m (4.2ms)[0m  [1mbegin transaction[0m
  [1m[35m (0.2ms)[0m  rollback transaction
  [1m[36m (3.7ms)[0m  [1mbegin transaction[0m
  [1m[35m (0.2ms)[0m  rollback transaction
  [1m[36m (3.2ms)[0m  [1mbegin transaction[0m
  [1m[35m (0.2ms)[0m  SAVEPOINT active_record_1
  [1m[36mSQL (95.9ms)[0m  [1mINSERT INTO "products" ("created_at", "updated_at") VALUES (?, ?)[0m  [["created_at", Thu, 13 Mar 2014 18:24:09 UTC +00:00], ["updated_at", Thu, 13 Mar 2014 18:24:09 UTC +00:00]]
  [1m[35m (0.1ms)[0m  RELEASE SAVEPOINT active_record_1
  [1m[36m (6.0ms)[0m  [1mrollback transaction[0m
  [1m[36m (3.8ms)[0m  [1mbegin transaction[0m
  [1m[35m (0.2ms)[0m  rollback transaction
  [1m[36m (3.8ms)[0m  [1mbegin transaction[0m
  [1m[35m (0.3ms)[0m  rollback transaction
  [1m[36m (3.9ms)[0m  [1mbegin transaction[0m
  [1m[35m (0.2ms)[0m  SAVEPOINT active_record_1
  [1m[36mSQL (101.4ms)[0m  [1mINSERT INTO "connectors" ("created_at", "updated_at") VALUES (?, ?)[0m  [["created_at", Thu, 13 Mar 2014 18:39:42 UTC +00:00], ["updated_at", Thu, 13 Mar 2014 18:39:42 UTC +00:00]]
  [1m[35mSQL (6.0ms)[0m  INSERT INTO "wick_dets" ("connector_id", "created_at", "updated_at") VALUES (?, ?, ?)  [["connector_id", 1], ["created_at", Thu, 13 Mar 2014 18:39:42 UTC +00:00], ["updated_at", Thu, 13 Mar 2014 18:39:42 UTC +00:00]]
  [1m[36m (0.1ms)[0m  [1mRELEASE SAVEPOINT active_record_1[0m
  [1m[35m (4.5ms)[0m  rollback transaction
  [1m[36m (4.2ms)[0m  [1mbegin transaction[0m
  [1m[35m (0.2ms)[0m  rollback transaction
  [1m[36m (32.2ms)[0m  [1mbegin transaction[0m
  [1m[35m (0.2ms)[0m  rollback transaction
  [1m[36m (3.9ms)[0m  [1mbegin transaction[0m
  [1m[35m (0.0ms)[0m  rollback transaction
  [1m[36m (3.8ms)[0m  [1mbegin transaction[0m
  [1m[35m (0.2ms)[0m  rollback transaction
  [1m[36m (3.7ms)[0m  [1mbegin transaction[0m
  [1m[35m (0.2ms)[0m  rollback transaction
  [1m[36m (16.4ms)[0m  [1mCREATE TABLE "schema_migrations" ("version" varchar(255) NOT NULL) [0m
  [1m[35m (11.3ms)[0m  CREATE UNIQUE INDEX "unique_schema_migrations" ON "schema_migrations" ("version")
  [1m[36mActiveRecord::SchemaMigration Load (2.4ms)[0m  [1mSELECT "schema_migrations".* FROM "schema_migrations"[0m
Migrating to CreateConfigControllers (20140310235038)
  [1m[35m (0.1ms)[0m  begin transaction
  [1m[36m (6.4ms)[0m  [1mCREATE TABLE "config_controllers" ("id" INTEGER PRIMARY KEY AUTOINCREMENT NOT NULL, "show" varchar(255), "created_at" datetime, "updated_at" datetime) [0m
  [1m[35mSQL (14.8ms)[0m  INSERT INTO "schema_migrations" ("version") VALUES (?)  [["version", "20140310235038"]]
  [1m[36m (38.7ms)[0m  [1mcommit transaction[0m
Migrating to CreateProducts (20140312230933)
  [1m[35m (0.1ms)[0m  begin transaction
  [1m[36m (6.0ms)[0m  [1mCREATE TABLE "products" ("id" INTEGER PRIMARY KEY AUTOINCREMENT NOT NULL, "name" varchar(255), "rating" float, "rating_count" integer, "description" varchar(255), "picture_path" varchar(255), "type" varchar(255), "details_id" integer, "created_at" datetime, "updated_at" datetime) [0m
  [1m[35mSQL (1.3ms)[0m  INSERT INTO "schema_migrations" ("version") VALUES (?)  [["version", "20140312230933"]]
  [1m[36m (17.0ms)[0m  [1mcommit transaction[0m
Migrating to CreateKits (20140312232033)
  [1m[35m (0.1ms)[0m  begin transaction
  [1m[36m (38.0ms)[0m  [1mCREATE TABLE "kits" ("id" INTEGER PRIMARY KEY AUTOINCREMENT NOT NULL, "mouthpiece_id" integer, "tank_id" integer, "wick_id" integer, "button_id" integer, "battery_id" integer, "charger_id" integer, "cartridge_id" integer, "created_at" datetime, "updated_at" datetime) [0m
  [1m[35mSQL (15.9ms)[0m  INSERT INTO "schema_migrations" ("version") VALUES (?)  [["version", "20140312232033"]]
  [1m[36m (36.0ms)[0m  [1mcommit transaction[0m
Migrating to CreateBatteryDets (20140313165931)
  [1m[35m (0.1ms)[0m  begin transaction
  [1m[36m (51.3ms)[0m  [1mCREATE TABLE "battery_dets" ("id" INTEGER PRIMARY KEY AUTOINCREMENT NOT NULL, "voltage" varchar(255), "wattage" varchar(255), "created_at" datetime, "updated_at" datetime) [0m
  [1m[35mSQL (8.0ms)[0m  INSERT INTO "schema_migrations" ("version") VALUES (?)  [["version", "20140313165931"]]
  [1m[36m (22.6ms)[0m  [1mcommit transaction[0m
Migrating to CreateMouthpieceDets (20140313165955)
  [1m[35m (0.1ms)[0m  begin transaction
  [1m[36m (45.2ms)[0m  [1mCREATE TABLE "mouthpiece_dets" ("id" INTEGER PRIMARY KEY AUTOINCREMENT NOT NULL, "created_at" datetime, "updated_at" datetime) [0m
  [1m[35mSQL (13.6ms)[0m  INSERT INTO "schema_migrations" ("version") VALUES (?)  [["version", "20140313165955"]]
  [1m[36m (31.8ms)[0m  [1mcommit transaction[0m
Migrating to CreateTankDets (20140313170008)
  [1m[35m (0.1ms)[0m  begin transaction
  [1m[36m (56.9ms)[0m  [1mCREATE TABLE "tank_dets" ("id" INTEGER PRIMARY KEY AUTOINCREMENT NOT NULL, "volume_in_ml" float, "connector_id" integer, "created_at" datetime, "updated_at" datetime) [0m
  [1m[35mSQL (2.4ms)[0m  INSERT INTO "schema_migrations" ("version") VALUES (?)  [["version", "20140313170008"]]
  [1m[36m (19.4ms)[0m  [1mcommit transaction[0m
Migrating to CreateWickDets (20140313170424)
  [1m[35m (0.1ms)[0m  begin transaction
  [1m[36m (54.8ms)[0m  [1mCREATE TABLE "wick_dets" ("id" INTEGER PRIMARY KEY AUTOINCREMENT NOT NULL, "resistance_in_ohm" float, "connector_id" integer, "created_at" datetime, "updated_at" datetime) [0m
  [1m[35mSQL (1.0ms)[0m  INSERT INTO "schema_migrations" ("version") VALUES (?)  [["version", "20140313170424"]]
  [1m[36m (21.6ms)[0m  [1mcommit transaction[0m
Migrating to CreateChargerDets (20140313170805)
  [1m[35m (0.2ms)[0m  begin transaction
  [1m[36m (36.7ms)[0m  [1mCREATE TABLE "charger_dets" ("id" INTEGER PRIMARY KEY AUTOINCREMENT NOT NULL, "created_at" datetime, "updated_at" datetime) [0m
  [1m[35mSQL (14.5ms)[0m  INSERT INTO "schema_migrations" ("version") VALUES (?)  [["version", "20140313170805"]]
  [1m[36m (32.6ms)[0m  [1mcommit transaction[0m
Migrating to CreateCartridgeDets (20140313170817)
  [1m[35m (0.2ms)[0m  begin transaction
  [1m[36m (44.7ms)[0m  [1mCREATE TABLE "cartridge_dets" ("id" INTEGER PRIMARY KEY AUTOINCREMENT NOT NULL, "created_at" datetime, "updated_at" datetime) [0m
  [1m[35mSQL (8.0ms)[0m  INSERT INTO "schema_migrations" ("version") VALUES (?)  [["version", "20140313170817"]]
  [1m[36m (19.8ms)[0m  [1mcommit transaction[0m
Migrating to CreateKitDets (20140313170835)
  [1m[35m (0.1ms)[0m  begin transaction
  [1m[36m (45.9ms)[0m  [1mCREATE TABLE "kit_dets" ("id" INTEGER PRIMARY KEY AUTOINCREMENT NOT NULL, "mouthpiece_id" integer, "tank_id" integer, "wick_id" integer, "button_id" integer, "battery_id" integer, "charger_id" integer, "cartridge_id" integer, "created_at" datetime, "updated_at" datetime) [0m
  [1m[35mSQL (7.0ms)[0m  INSERT INTO "schema_migrations" ("version") VALUES (?)  [["version", "20140313170835"]]
  [1m[36m (35.1ms)[0m  [1mcommit transaction[0m
Migrating to CreateButtonDets (20140313171321)
  [1m[35m (0.2ms)[0m  begin transaction
  [1m[36m (34.9ms)[0m  [1mCREATE TABLE "button_dets" ("id" INTEGER PRIMARY KEY AUTOINCREMENT NOT NULL, "connector_id" integer, "created_at" datetime, "updated_at" datetime) [0m
  [1m[35mSQL (7.2ms)[0m  INSERT INTO "schema_migrations" ("version") VALUES (?)  [["version", "20140313171321"]]
  [1m[36m (33.9ms)[0m  [1mcommit transaction[0m
Migrating to CreateConnectors (20140313172823)
  [1m[35m (0.1ms)[0m  begin transaction
  [1m[36m (48.7ms)[0m  [1mCREATE TABLE "connectors" ("id" INTEGER PRIMARY KEY AUTOINCREMENT NOT NULL, "name" varchar(255), "created_at" datetime, "updated_at" datetime) [0m
  [1m[35mSQL (5.0ms)[0m  INSERT INTO "schema_migrations" ("version") VALUES (?)  [["version", "20140313172823"]]
  [1m[36m (16.6ms)[0m  [1mcommit transaction[0m
  [1m[35mActiveRecord::SchemaMigration Load (13.3ms)[0m  SELECT "schema_migrations".* FROM "schema_migrations"
  [1m[36m (3.6ms)[0m  [1mbegin transaction[0m
  [1m[35m (0.2ms)[0m  rollback transaction
  [1m[36m (3.7ms)[0m  [1mbegin transaction[0m
  [1m[35m (0.2ms)[0m  rollback transaction
  [1m[36m (3.6ms)[0m  [1mbegin transaction[0m
  [1m[35m (0.9ms)[0m  rollback transaction
  [1m[36m (42.8ms)[0m  [1mCREATE TABLE "schema_migrations" ("version" varchar(255) NOT NULL) [0m
  [1m[35m (8.4ms)[0m  CREATE UNIQUE INDEX "unique_schema_migrations" ON "schema_migrations" ("version")
  [1m[36mActiveRecord::SchemaMigration Load (2.5ms)[0m  [1mSELECT "schema_migrations".* FROM "schema_migrations"[0m
Migrating to CreateConfigControllers (20140310235038)
  [1m[35m (0.1ms)[0m  begin transaction
  [1m[36m (6.5ms)[0m  [1mCREATE TABLE "config_controllers" ("id" INTEGER PRIMARY KEY AUTOINCREMENT NOT NULL, "show" varchar(255), "created_at" datetime, "updated_at" datetime) [0m
  [1m[35mSQL (13.3ms)[0m  INSERT INTO "schema_migrations" ("version") VALUES (?)  [["version", "20140310235038"]]
  [1m[36m (39.2ms)[0m  [1mcommit transaction[0m
Migrating to CreateProducts (20140312230933)
  [1m[35m (0.1ms)[0m  begin transaction
  [1m[36m (5.5ms)[0m  [1mCREATE TABLE "products" ("id" INTEGER PRIMARY KEY AUTOINCREMENT NOT NULL, "name" varchar(255), "rating" float, "rating_count" integer, "description" varchar(255), "picture_path" varchar(255), "type" varchar(255), "created_at" datetime, "updated_at" datetime) [0m
  [1m[35mSQL (1.1ms)[0m  INSERT INTO "schema_migrations" ("version") VALUES (?)  [["version", "20140312230933"]]
  [1m[36m (5.0ms)[0m  [1mcommit transaction[0m
Migrating to CreateKits (20140312232033)
  [1m[35m (0.3ms)[0m  begin transaction
  [1m[36m (25.4ms)[0m  [1mCREATE TABLE "kits" ("id" INTEGER PRIMARY KEY AUTOINCREMENT NOT NULL, "mouthpiece_id" integer, "tank_id" integer, "wick_id" integer, "button_id" integer, "battery_id" integer, "charger_id" integer, "cartridge_id" integer, "created_at" datetime, "updated_at" datetime) [0m
  [1m[35mSQL (6.1ms)[0m  INSERT INTO "schema_migrations" ("version") VALUES (?)  [["version", "20140312232033"]]
  [1m[36m (25.1ms)[0m  [1mcommit transaction[0m
Migrating to CreateBatteryDets (20140313165931)
  [1m[35m (0.2ms)[0m  begin transaction
  [1m[36m (39.4ms)[0m  [1mCREATE TABLE "battery_dets" ("id" INTEGER PRIMARY KEY AUTOINCREMENT NOT NULL, "voltage" varchar(255), "wattage" varchar(255), "created_at" datetime, "updated_at" datetime) [0m
  [1m[35mSQL (8.7ms)[0m  INSERT INTO "schema_migrations" ("version") VALUES (?)  [["version", "20140313165931"]]
  [1m[36m (19.2ms)[0m  [1mcommit transaction[0m
Migrating to CreateMouthpieceDets (20140313165955)
  [1m[35m (0.2ms)[0m  begin transaction
  [1m[36m (33.4ms)[0m  [1mCREATE TABLE "mouthpiece_dets" ("id" INTEGER PRIMARY KEY AUTOINCREMENT NOT NULL, "created_at" datetime, "updated_at" datetime) [0m
  [1m[35mSQL (4.7ms)[0m  INSERT INTO "schema_migrations" ("version") VALUES (?)  [["version", "20140313165955"]]
  [1m[36m (20.0ms)[0m  [1mcommit transaction[0m
Migrating to CreateTankDets (20140313170008)
  [1m[35m (0.1ms)[0m  begin transaction
  [1m[36m (42.5ms)[0m  [1mCREATE TABLE "tank_dets" ("id" INTEGER PRIMARY KEY AUTOINCREMENT NOT NULL, "volume_in_ml" float, "connector_id" integer, "created_at" datetime, "updated_at" datetime) [0m
  [1m[35mSQL (0.8ms)[0m  INSERT INTO "schema_migrations" ("version") VALUES (?)  [["version", "20140313170008"]]
  [1m[36m (29.6ms)[0m  [1mcommit transaction[0m
Migrating to CreateWickDets (20140313170424)
  [1m[35m (0.1ms)[0m  begin transaction
  [1m[36m (32.4ms)[0m  [1mCREATE TABLE "wick_dets" ("id" INTEGER PRIMARY KEY AUTOINCREMENT NOT NULL, "product_id" integer, "resistance_in_ohm" float, "connector_id" integer, "created_at" datetime, "updated_at" datetime) [0m
  [1m[35mSQL (12.8ms)[0m  INSERT INTO "schema_migrations" ("version") VALUES (?)  [["version", "20140313170424"]]
  [1m[36m (35.8ms)[0m  [1mcommit transaction[0m
Migrating to CreateChargerDets (20140313170805)
  [1m[35m (0.2ms)[0m  begin transaction
  [1m[36m (29.5ms)[0m  [1mCREATE TABLE "charger_dets" ("id" INTEGER PRIMARY KEY AUTOINCREMENT NOT NULL, "created_at" datetime, "updated_at" datetime) [0m
  [1m[35mSQL (8.7ms)[0m  INSERT INTO "schema_migrations" ("version") VALUES (?)  [["version", "20140313170805"]]
  [1m[36m (27.1ms)[0m  [1mcommit transaction[0m
Migrating to CreateCartridgeDets (20140313170817)
  [1m[35m (0.1ms)[0m  begin transaction
  [1m[36m (50.6ms)[0m  [1mCREATE TABLE "cartridge_dets" ("id" INTEGER PRIMARY KEY AUTOINCREMENT NOT NULL, "created_at" datetime, "updated_at" datetime) [0m
  [1m[35mSQL (9.6ms)[0m  INSERT INTO "schema_migrations" ("version") VALUES (?)  [["version", "20140313170817"]]
  [1m[36m (24.1ms)[0m  [1mcommit transaction[0m
Migrating to CreateKitDets (20140313170835)
  [1m[35m (0.1ms)[0m  begin transaction
  [1m[36m (30.0ms)[0m  [1mCREATE TABLE "kit_dets" ("id" INTEGER PRIMARY KEY AUTOINCREMENT NOT NULL, "mouthpiece_id" integer, "tank_id" integer, "wick_id" integer, "button_id" integer, "battery_id" integer, "charger_id" integer, "cartridge_id" integer, "created_at" datetime, "updated_at" datetime) [0m
  [1m[35mSQL (6.5ms)[0m  INSERT INTO "schema_migrations" ("version") VALUES (?)  [["version", "20140313170835"]]
  [1m[36m (33.4ms)[0m  [1mcommit transaction[0m
Migrating to CreateButtonDets (20140313171321)
  [1m[35m (0.1ms)[0m  begin transaction
  [1m[36m (43.9ms)[0m  [1mCREATE TABLE "button_dets" ("id" INTEGER PRIMARY KEY AUTOINCREMENT NOT NULL, "connector_id" integer, "created_at" datetime, "updated_at" datetime) [0m
  [1m[35mSQL (6.7ms)[0m  INSERT INTO "schema_migrations" ("version") VALUES (?)  [["version", "20140313171321"]]
  [1m[36m (20.1ms)[0m  [1mcommit transaction[0m
Migrating to CreateConnectors (20140313172823)
  [1m[35m (0.1ms)[0m  begin transaction
  [1m[36m (38.4ms)[0m  [1mCREATE TABLE "connectors" ("id" INTEGER PRIMARY KEY AUTOINCREMENT NOT NULL, "name" varchar(255), "created_at" datetime, "updated_at" datetime) [0m
  [1m[35mSQL (6.9ms)[0m  INSERT INTO "schema_migrations" ("version") VALUES (?)  [["version", "20140313172823"]]
  [1m[36m (21.3ms)[0m  [1mcommit transaction[0m
  [1m[35mActiveRecord::SchemaMigration Load (15.7ms)[0m  SELECT "schema_migrations".* FROM "schema_migrations"
  [1m[36m (5.1ms)[0m  [1mbegin transaction[0m
  [1m[35m (0.2ms)[0m  rollback transaction
